running egg_info
writing ../../build/servo_controller/servo_controller.egg-info/PKG-INFO
writing dependency_links to ../../build/servo_controller/servo_controller.egg-info/dependency_links.txt
writing entry points to ../../build/servo_controller/servo_controller.egg-info/entry_points.txt
writing requirements to ../../build/servo_controller/servo_controller.egg-info/requires.txt
writing top-level names to ../../build/servo_controller/servo_controller.egg-info/top_level.txt
reading manifest file '../../build/servo_controller/servo_controller.egg-info/SOURCES.txt'
writing manifest file '../../build/servo_controller/servo_controller.egg-info/SOURCES.txt'
running build
running build_py
copying servo_controller/serial_node.py -> /home/umark135/ros2_coba2/build/servo_controller/build/lib/servo_controller
copying servo_controller/teleop_key.py -> /home/umark135/ros2_coba2/build/servo_controller/build/lib/servo_controller
running install
running install_lib
copying /home/umark135/ros2_coba2/build/servo_controller/build/lib/servo_controller/serial_node.py -> /home/umark135/ros2_coba2/install/servo_controller/lib/python3.12/site-packages/servo_controller
copying /home/umark135/ros2_coba2/build/servo_controller/build/lib/servo_controller/teleop_key.py -> /home/umark135/ros2_coba2/install/servo_controller/lib/python3.12/site-packages/servo_controller
byte-compiling /home/umark135/ros2_coba2/install/servo_controller/lib/python3.12/site-packages/servo_controller/serial_node.py to serial_node.cpython-312.pyc
byte-compiling /home/umark135/ros2_coba2/install/servo_controller/lib/python3.12/site-packages/servo_controller/teleop_key.py to teleop_key.cpython-312.pyc
running install_data
running install_egg_info
removing '/home/umark135/ros2_coba2/install/servo_controller/lib/python3.12/site-packages/servo_controller-0.0.0-py3.12.egg-info' (and everything under it)
Copying ../../build/servo_controller/servo_controller.egg-info to /home/umark135/ros2_coba2/install/servo_controller/lib/python3.12/site-packages/servo_controller-0.0.0-py3.12.egg-info
running install_scripts
Installing serial_node script to /home/umark135/ros2_coba2/install/servo_controller/lib/servo_controller
Installing teleop_key script to /home/umark135/ros2_coba2/install/servo_controller/lib/servo_controller
writing list of installed files to '/home/umark135/ros2_coba2/build/servo_controller/install.log'
