[1.867s] Invoking command in '/home/umark135/ros2_coba2/src/servo_controller': DEBUGINFOD_URLS=https://debuginfod.ubuntu.com PYTHONPATH=/home/umark135/ros2_coba2/build/servo_controller/prefix_override:/usr/lib/python3/dist-packages/colcon_core/task/python/colcon_distutils_commands:/home/umark135/ros2_coba2/install/servo_controller/lib/python3.12/site-packages:${PYTHONPATH} /usr/bin/python3 -W ignore:setup.py install is deprecated -W ignore:easy_install command is deprecated setup.py egg_info --egg-base ../../build/servo_controller build --build-base /home/umark135/ros2_coba2/build/servo_controller/build install --record /home/umark135/ros2_coba2/build/servo_controller/install.log --single-version-externally-managed install_data
[2.472s] running egg_info
[2.521s] writing ../../build/servo_controller/servo_controller.egg-info/PKG-INFO
[2.521s] writing dependency_links to ../../build/servo_controller/servo_controller.egg-info/dependency_links.txt
[2.521s] writing entry points to ../../build/servo_controller/servo_controller.egg-info/entry_points.txt
[2.522s] writing requirements to ../../build/servo_controller/servo_controller.egg-info/requires.txt
[2.522s] writing top-level names to ../../build/servo_controller/servo_controller.egg-info/top_level.txt
[2.621s] reading manifest file '../../build/servo_controller/servo_controller.egg-info/SOURCES.txt'
[2.622s] writing manifest file '../../build/servo_controller/servo_controller.egg-info/SOURCES.txt'
[2.623s] running build
[2.623s] running build_py
[2.623s] copying servo_controller/serial_node.py -> /home/umark135/ros2_coba2/build/servo_controller/build/lib/servo_controller
[2.624s] running install
[2.636s] running install_lib
[2.684s] copying /home/umark135/ros2_coba2/build/servo_controller/build/lib/servo_controller/serial_node.py -> /home/umark135/ros2_coba2/install/servo_controller/lib/python3.12/site-packages/servo_controller
[2.685s] byte-compiling /home/umark135/ros2_coba2/install/servo_controller/lib/python3.12/site-packages/servo_controller/serial_node.py to serial_node.cpython-312.pyc
[2.688s] running install_data
[2.688s] running install_egg_info
[2.740s] removing '/home/umark135/ros2_coba2/install/servo_controller/lib/python3.12/site-packages/servo_controller-0.0.0-py3.12.egg-info' (and everything under it)
[2.740s] Copying ../../build/servo_controller/servo_controller.egg-info to /home/umark135/ros2_coba2/install/servo_controller/lib/python3.12/site-packages/servo_controller-0.0.0-py3.12.egg-info
[2.742s] running install_scripts
[3.053s] Installing serial_node script to /home/umark135/ros2_coba2/install/servo_controller/lib/servo_controller
[3.053s] Installing teleop_key script to /home/umark135/ros2_coba2/install/servo_controller/lib/servo_controller
[3.053s] writing list of installed files to '/home/umark135/ros2_coba2/build/servo_controller/install.log'
[3.128s] Invoked command in '/home/umark135/ros2_coba2/src/servo_controller' returned '0': DEBUGINFOD_URLS=https://debuginfod.ubuntu.com PYTHONPATH=/home/umark135/ros2_coba2/build/servo_controller/prefix_override:/usr/lib/python3/dist-packages/colcon_core/task/python/colcon_distutils_commands:/home/umark135/ros2_coba2/install/servo_controller/lib/python3.12/site-packages:${PYTHONPATH} /usr/bin/python3 -W ignore:setup.py install is deprecated -W ignore:easy_install command is deprecated setup.py egg_info --egg-base ../../build/servo_controller build --build-base /home/umark135/ros2_coba2/build/servo_controller/build install --record /home/umark135/ros2_coba2/build/servo_controller/install.log --single-version-externally-managed install_data
