running egg_info
creating ../../build/servo_controller/servo_controller.egg-info
writing ../../build/servo_controller/servo_controller.egg-info/PKG-INFO
writing dependency_links to ../../build/servo_controller/servo_controller.egg-info/dependency_links.txt
writing requirements to ../../build/servo_controller/servo_controller.egg-info/requires.txt
writing top-level names to ../../build/servo_controller/servo_controller.egg-info/top_level.txt
writing manifest file '../../build/servo_controller/servo_controller.egg-info/SOURCES.txt'
reading manifest file '../../build/servo_controller/servo_controller.egg-info/SOURCES.txt'
writing manifest file '../../build/servo_controller/servo_controller.egg-info/SOURCES.txt'
running build
running build_py
creating /home/umark135/ros2_coba2/build/servo_controller/build
creating /home/umark135/ros2_coba2/build/servo_controller/build/lib
creating /home/umark135/ros2_coba2/build/servo_controller/build/lib/servo_controller
copying servo_controller/__init__.py -> /home/umark135/ros2_coba2/build/servo_controller/build/lib/servo_controller
copying servo_controller/serial_node.py -> /home/umark135/ros2_coba2/build/servo_controller/build/lib/servo_controller
copying servo_controller/teleop_key.py -> /home/umark135/ros2_coba2/build/servo_controller/build/lib/servo_controller
running install
running install_lib
creating /home/umark135/ros2_coba2/install/servo_controller/lib/python3.12/site-packages/servo_controller
copying /home/umark135/ros2_coba2/build/servo_controller/build/lib/servo_controller/__init__.py -> /home/umark135/ros2_coba2/install/servo_controller/lib/python3.12/site-packages/servo_controller
copying /home/umark135/ros2_coba2/build/servo_controller/build/lib/servo_controller/serial_node.py -> /home/umark135/ros2_coba2/install/servo_controller/lib/python3.12/site-packages/servo_controller
copying /home/umark135/ros2_coba2/build/servo_controller/build/lib/servo_controller/teleop_key.py -> /home/umark135/ros2_coba2/install/servo_controller/lib/python3.12/site-packages/servo_controller
byte-compiling /home/umark135/ros2_coba2/install/servo_controller/lib/python3.12/site-packages/servo_controller/__init__.py to __init__.cpython-312.pyc
byte-compiling /home/umark135/ros2_coba2/install/servo_controller/lib/python3.12/site-packages/servo_controller/serial_node.py to serial_node.cpython-312.pyc
byte-compiling /home/umark135/ros2_coba2/install/servo_controller/lib/python3.12/site-packages/servo_controller/teleop_key.py to teleop_key.cpython-312.pyc
running install_data
creating /home/umark135/ros2_coba2/install/servo_controller/share/ament_index
creating /home/umark135/ros2_coba2/install/servo_controller/share/ament_index/resource_index
creating /home/umark135/ros2_coba2/install/servo_controller/share/ament_index/resource_index/packages
copying resource/servo_controller -> /home/umark135/ros2_coba2/install/servo_controller/share/ament_index/resource_index/packages
copying package.xml -> /home/umark135/ros2_coba2/install/servo_controller/share/servo_controller
running install_egg_info
Copying ../../build/servo_controller/servo_controller.egg-info to /home/umark135/ros2_coba2/install/servo_controller/lib/python3.12/site-packages/servo_controller-0.0.0-py3.12.egg-info
running install_scripts
writing list of installed files to '/home/umark135/ros2_coba2/build/servo_controller/install.log'
