[2.452s] Invoking command in '/home/umark135/ros2_coba2/src/servo_controller': DEBUGINFOD_URLS=https://debuginfod.ubuntu.com PYTHONPATH=/home/umark135/ros2_coba2/build/servo_controller/prefix_override:/usr/lib/python3/dist-packages/colcon_core/task/python/colcon_distutils_commands:/home/umark135/ros2_coba2/install/servo_controller/lib/python3.12/site-packages:${PYTHONPATH} /usr/bin/python3 -W ignore:setup.py install is deprecated -W ignore:easy_install command is deprecated setup.py egg_info --egg-base ../../build/servo_controller build --build-base /home/umark135/ros2_coba2/build/servo_controller/build install --record /home/umark135/ros2_coba2/build/servo_controller/install.log --single-version-externally-managed install_data
[3.070s] running egg_info
[3.070s] creating ../../build/servo_controller/servo_controller.egg-info
[3.118s] writing ../../build/servo_controller/servo_controller.egg-info/PKG-INFO
[3.118s] writing dependency_links to ../../build/servo_controller/servo_controller.egg-info/dependency_links.txt
[3.119s] writing requirements to ../../build/servo_controller/servo_controller.egg-info/requires.txt
[3.119s] writing top-level names to ../../build/servo_controller/servo_controller.egg-info/top_level.txt
[3.119s] writing manifest file '../../build/servo_controller/servo_controller.egg-info/SOURCES.txt'
[3.217s] reading manifest file '../../build/servo_controller/servo_controller.egg-info/SOURCES.txt'
[3.218s] writing manifest file '../../build/servo_controller/servo_controller.egg-info/SOURCES.txt'
[3.219s] running build
[3.219s] running build_py
[3.219s] creating /home/umark135/ros2_coba2/build/servo_controller/build
[3.220s] creating /home/umark135/ros2_coba2/build/servo_controller/build/lib
[3.220s] creating /home/umark135/ros2_coba2/build/servo_controller/build/lib/servo_controller
[3.220s] copying servo_controller/__init__.py -> /home/umark135/ros2_coba2/build/servo_controller/build/lib/servo_controller
[3.220s] copying servo_controller/serial_node.py -> /home/umark135/ros2_coba2/build/servo_controller/build/lib/servo_controller
[3.220s] copying servo_controller/teleop_key.py -> /home/umark135/ros2_coba2/build/servo_controller/build/lib/servo_controller
[3.221s] running install
[3.235s] running install_lib
[3.284s] creating /home/umark135/ros2_coba2/install/servo_controller/lib/python3.12/site-packages/servo_controller
[3.284s] copying /home/umark135/ros2_coba2/build/servo_controller/build/lib/servo_controller/__init__.py -> /home/umark135/ros2_coba2/install/servo_controller/lib/python3.12/site-packages/servo_controller
[3.284s] copying /home/umark135/ros2_coba2/build/servo_controller/build/lib/servo_controller/serial_node.py -> /home/umark135/ros2_coba2/install/servo_controller/lib/python3.12/site-packages/servo_controller
[3.285s] copying /home/umark135/ros2_coba2/build/servo_controller/build/lib/servo_controller/teleop_key.py -> /home/umark135/ros2_coba2/install/servo_controller/lib/python3.12/site-packages/servo_controller
[3.286s] byte-compiling /home/umark135/ros2_coba2/install/servo_controller/lib/python3.12/site-packages/servo_controller/__init__.py to __init__.cpython-312.pyc
[3.286s] byte-compiling /home/umark135/ros2_coba2/install/servo_controller/lib/python3.12/site-packages/servo_controller/serial_node.py to serial_node.cpython-312.pyc
[3.286s] byte-compiling /home/umark135/ros2_coba2/install/servo_controller/lib/python3.12/site-packages/servo_controller/teleop_key.py to teleop_key.cpython-312.pyc
[3.287s] running install_data
[3.287s] creating /home/umark135/ros2_coba2/install/servo_controller/share/ament_index
[3.287s] creating /home/umark135/ros2_coba2/install/servo_controller/share/ament_index/resource_index
[3.287s] creating /home/umark135/ros2_coba2/install/servo_controller/share/ament_index/resource_index/packages
[3.288s] copying resource/servo_controller -> /home/umark135/ros2_coba2/install/servo_controller/share/ament_index/resource_index/packages
[3.288s] copying package.xml -> /home/umark135/ros2_coba2/install/servo_controller/share/servo_controller
[3.288s] running install_egg_info
[3.340s] Copying ../../build/servo_controller/servo_controller.egg-info to /home/umark135/ros2_coba2/install/servo_controller/lib/python3.12/site-packages/servo_controller-0.0.0-py3.12.egg-info
[3.342s] running install_scripts
[3.653s] writing list of installed files to '/home/umark135/ros2_coba2/build/servo_controller/install.log'
[3.728s] Invoked command in '/home/umark135/ros2_coba2/src/servo_controller' returned '0': DEBUGINFOD_URLS=https://debuginfod.ubuntu.com PYTHONPATH=/home/umark135/ros2_coba2/build/servo_controller/prefix_override:/usr/lib/python3/dist-packages/colcon_core/task/python/colcon_distutils_commands:/home/umark135/ros2_coba2/install/servo_controller/lib/python3.12/site-packages:${PYTHONPATH} /usr/bin/python3 -W ignore:setup.py install is deprecated -W ignore:easy_install command is deprecated setup.py egg_info --egg-base ../../build/servo_controller build --build-base /home/umark135/ros2_coba2/build/servo_controller/build install --record /home/umark135/ros2_coba2/build/servo_controller/install.log --single-version-externally-managed install_data
